<?xml version="1.0" encoding="UTF-8" ?>
<testsuite tests="5" failures="1" name="hou.kot.iot.DeviceTest" time="3.159" errors="0" skipped="0">
  <properties>
[...]
</properties>
  <testcase classname="hou.kot.iot.DeviceTest" name="testListActiveDevicesAfterOneShutsDown" time="3.028">
    <failure message="expected:&lt;[de2vice2]&gt; but was:&lt;[device2]&gt;" type="java.lang.AssertionError">java.lang.AssertionError: expected:&lt;[de2vice2]&gt; but was:&lt;[device2]&gt;
	at org.junit.Assert.fail(Assert.java:88)
	at org.junit.Assert.failNotEquals(Assert.java:834)
	at org.junit.Assert.assertEquals(Assert.java:118)
	at org.junit.Assert.assertEquals(Assert.java:144)
	at hou.kot.iot.DeviceTest.lambda$testListActiveDevicesAfterOneShutsDown$0(DeviceTest.java:126)
	at akka.actor.testkit.typed.internal.TestProbeImpl.$anonfun$awaitAssert$1(TestProbeImpl.scala:343)
	at akka.actor.testkit.typed.internal.TestProbeImpl.poll$1(TestProbeImpl.scala:361)
	at akka.actor.testkit.typed.internal.TestProbeImpl.awaitAssert_internal(TestProbeImpl.scala:378)
	at akka.actor.testkit.typed.internal.TestProbeImpl.awaitAssert(TestProbeImpl.scala:343)
	at akka.actor.testkit.typed.internal.TestProbeImpl.awaitAssert(TestProbeImpl.scala:346)
	at akka.actor.testkit.typed.internal.TestProbeImpl.awaitAssert(TestProbeImpl.scala:349)
	at hou.kot.iot.DeviceTest.testListActiveDevicesAfterOneShutsDown(DeviceTest.java:121)
	at java.base/jdk.internal.reflect.NativeMethodAccessorImpl.invoke0(Native Method)
	at java.base/jdk.internal.reflect.NativeMethodAccessorImpl.invoke(NativeMethodAccessorImpl.java:62)
	at java.base/jdk.internal.reflect.DelegatingMethodAccessorImpl.invoke(DelegatingMethodAccessorImpl.java:43)
	at java.base/java.lang.reflect.Method.invoke(Method.java:566)
	at org.junit.runners.model.FrameworkMethod$1.runReflectiveCall(FrameworkMethod.java:50)
	at org.junit.internal.runners.model.ReflectiveCallable.run(ReflectiveCallable.java:12)
	at org.junit.runners.model.FrameworkMethod.invokeExplosively(FrameworkMethod.java:47)
	at org.junit.internal.runners.statements.InvokeMethod.evaluate(InvokeMethod.java:17)
	at org.junit.runners.ParentRunner.runLeaf(ParentRunner.java:325)
	at org.junit.runners.BlockJUnit4ClassRunner.runChild(BlockJUnit4ClassRunner.java:78)
	at org.junit.runners.BlockJUnit4ClassRunner.runChild(BlockJUnit4ClassRunner.java:57)
	at org.junit.runners.ParentRunner$3.run(ParentRunner.java:290)
	at org.junit.runners.ParentRunner$1.schedule(ParentRunner.java:71)
	at org.junit.runners.ParentRunner.runChildren(ParentRunner.java:288)
	at org.junit.runners.ParentRunner.access$000(ParentRunner.java:58)
	at org.junit.runners.ParentRunner$2.evaluate(ParentRunner.java:268)
	at org.junit.rules.ExternalResource$1.evaluate(ExternalResource.java:48)
	at org.junit.rules.RunRules.evaluate(RunRules.java:20)
	at org.junit.runners.ParentRunner.run(ParentRunner.java:363)
	at org.apache.maven.surefire.junit4.JUnit4Provider.execute(JUnit4Provider.java:252)
	at org.apache.maven.surefire.junit4.JUnit4Provider.executeTestSet(JUnit4Provider.java:141)
	at org.apache.maven.surefire.junit4.JUnit4Provider.invoke(JUnit4Provider.java:112)
	at java.base/jdk.internal.reflect.NativeMethodAccessorImpl.invoke0(Native Method)
	at java.base/jdk.internal.reflect.NativeMethodAccessorImpl.invoke(NativeMethodAccessorImpl.java:62)
	at java.base/jdk.internal.reflect.DelegatingMethodAccessorImpl.invoke(DelegatingMethodAccessorImpl.java:43)
	at java.base/java.lang.reflect.Method.invoke(Method.java:566)
	at org.apache.maven.surefire.util.ReflectionUtils.invokeMethodWithArray(ReflectionUtils.java:189)
	at org.apache.maven.surefire.booter.ProviderFactory$ProviderProxy.invoke(ProviderFactory.java:165)
	at org.apache.maven.surefire.booter.ProviderFactory.invokeProvider(ProviderFactory.java:85)
	at org.apache.maven.surefire.booter.ForkedBooter.runSuitesInProcess(ForkedBooter.java:115)
	at org.apache.maven.surefire.booter.ForkedBooter.main(ForkedBooter.java:75)
</failure>
    <system-out>[2019-11-21 11:55:06,866] [INFO] [akka.event.slf4j.Slf4jLogger] [DeviceTest-akka.actor.default-dispatcher-3] [] - Slf4jLogger started
[2019-11-21 11:55:06,903] [INFO] [hou.kot.iot.DeviceGroup] [DeviceTest-akka.actor.default-dispatcher-7] [akka://DeviceTest/user/$a] - DeviceGroup group started
[2019-11-21 11:55:06,909] [INFO] [hou.kot.iot.DeviceGroup] [DeviceTest-akka.actor.default-dispatcher-7] [akka://DeviceTest/user/$a] - Creating device actor for device1
[2019-11-21 11:55:06,912] [INFO] [hou.kot.iot.Device] [DeviceTest-akka.actor.default-dispatcher-3] [akka://DeviceTest/user/$a/device-device1] - Device actor group-device1 started
[2019-11-21 11:55:06,917] [INFO] [hou.kot.iot.DeviceGroup] [DeviceTest-akka.actor.default-dispatcher-7] [akka://DeviceTest/user/$a] - Creating device actor for device2
[2019-11-21 11:55:06,918] [INFO] [hou.kot.iot.Device] [DeviceTest-akka.actor.default-dispatcher-3] [akka://DeviceTest/user/$a/device-device2] - Device actor group-device2 started
[2019-11-21 11:55:06,935] [INFO] [hou.kot.iot.Device] [DeviceTest-akka.actor.default-dispatcher-3] [akka://DeviceTest/user/$a/device-device1] - Device actor group-device1 stopped
[2019-11-21 11:55:06,936] [INFO] [hou.kot.iot.DeviceGroup] [DeviceTest-akka.actor.default-dispatcher-8] [akka://DeviceTest/user/$a] - Device actor for device1 has been terminated
Bull Shit
</system-out>
  </testcase>
  <testcase classname="hou.kot.iot.DeviceTest" name="testReplyToRegistrationRequests" time="0.014"/>
  <testcase classname="hou.kot.iot.DeviceTest" name="testListActiveDevices" time="0.007"/>
  <testcase classname="hou.kot.iot.DeviceTest" name="testReplyWithLatestTemperatureReading" time="0.006"/>
  <testcase classname="hou.kot.iot.DeviceTest" name="testIgnoreWrongRegistrationRequests" time="0.104"/>
</testsuite>