<?xml version="1.0" encoding="UTF-8" ?>
<testsuite tests="5" failures="1" name="hou.kot.iot.DeviceTest" time="3.159" errors="0" skipped="0">
  <properties>
    <property name="java.runtime.name" value="Java(TM) SE Runtime Environment"/>
    <property name="java.vm.version" value="11.0.5+10-LTS"/>
    <property name="sun.boot.library.path" value="C:\Program Files\Java\jdk-11.0.5\bin"/>
    <property name="maven.multiModuleProjectDirectory" value="F:\akka-quickstart-java"/>
    <property name="java.vm.vendor" value="Oracle Corporation"/>
    <property name="java.vendor.url" value="http://java.oracle.com/"/>
    <property name="guice.disable.misplaced.annotation.check" value="true"/>
    <property name="path.separator" value=";"/>
    <property name="java.vm.name" value="Java HotSpot(TM) 64-Bit Server VM"/>
    <property name="sun.os.patch.level" value="Service Pack 1"/>
    <property name="user.script" value=""/>
    <property name="user.country" value="CN"/>
    <property name="sun.java.launcher" value="SUN_STANDARD"/>
    <property name="java.vm.specification.name" value="Java Virtual Machine Specification"/>
    <property name="user.dir" value="F:\akka-quickstart-java"/>
    <property name="java.vm.compressedOopsMode" value="32-bit"/>
    <property name="java.runtime.version" value="11.0.5+10-LTS"/>
    <property name="java.awt.graphicsenv" value="sun.awt.Win32GraphicsEnvironment"/>
    <property name="os.arch" value="amd64"/>
    <property name="java.io.tmpdir" value="C:\Users\ADMINI~1\AppData\Local\Temp\"/>
    <property name="line.separator" value="
"/>
    <property name="java.vm.specification.vendor" value="Oracle Corporation"/>
    <property name="user.variant" value=""/>
    <property name="os.name" value="Windows 7"/>
    <property name="classworlds.conf" value="E:\百度云同步盘\software_package\apache-maven-3.3.9\bin\..\bin\m2.conf"/>
    <property name="sun.jnu.encoding" value="GBK"/>
    <property name="java.library.path" value="C:\Program Files\Java\jdk-11.0.5\bin;C:\Windows\Sun\Java\bin;C:\Windows\system32;C:\Windows;C:\Windows\system32;C:\Windows;C:\Program Files\Java\jdk-13.0.1\bin;C:\Windows\System32\Wbem;C:\Windows\System32\WindowsPowerShell\v1.0\;C:\Python34\;C:\Python34\Scripts;E:\mysql-5.6.24-win32\bin;C:\Program Files\Java\jdk-11.0.5\bin;E:\百度云同步盘\software_package\apache-maven-3.3.9\bin;C:\Program Files\PuTTY\;C:\Program Files\Git\cmd;C:\Program Files\nodejs\;C:\Program Files (x86)\Brackets\command;C:\Program Files (x86)\Nmap;C:\Users\Administrator\AppData\Roaming\npm;G:\Gradle\gradle-5.6.4\bin;C:\Program Files\Java\jdk-13.0.1\bin;F:\IntelliJ IDEA Community Edition 2019.2.4\bin;;."/>
    <property name="jdk.debug" value="release"/>
    <property name="java.class.version" value="55.0"/>
    <property name="java.specification.name" value="Java Platform API Specification"/>
    <property name="sun.management.compiler" value="HotSpot 64-Bit Tiered Compilers"/>
    <property name="os.version" value="6.1"/>
    <property name="user.home" value="C:\Users\Administrator"/>
    <property name="user.timezone" value="America/Los_Angeles"/>
    <property name="java.awt.printerjob" value="sun.awt.windows.WPrinterJob"/>
    <property name="file.encoding" value="GBK"/>
    <property name="java.specification.version" value="11"/>
    <property name="user.name" value="Administrator"/>
    <property name="java.class.path" value="E:\百度云同步盘\software_package\apache-maven-3.3.9\bin\..\boot\plexus-classworlds-2.5.2.jar"/>
    <property name="java.vm.specification.version" value="11"/>
    <property name="sun.arch.data.model" value="64"/>
    <property name="sun.java.command" value="org.codehaus.plexus.classworlds.launcher.Launcher test"/>
    <property name="java.home" value="C:\Program Files\Java\jdk-11.0.5"/>
    <property name="user.language" value="zh"/>
    <property name="java.specification.vendor" value="Oracle Corporation"/>
    <property name="awt.toolkit" value="sun.awt.windows.WToolkit"/>
    <property name="java.vm.info" value="mixed mode"/>
    <property name="java.version" value="11.0.5"/>
    <property name="java.vendor" value="Oracle Corporation"/>
    <property name="sun.stderr.encoding" value="ms936"/>
    <property name="maven.home" value="E:\百度云同步盘\software_package\apache-maven-3.3.9\bin\.."/>
    <property name="file.separator" value="\"/>
    <property name="java.version.date" value="2019-10-15"/>
    <property name="java.vendor.url.bug" value="http://bugreport.java.com/bugreport/"/>
    <property name="sun.io.unicode.encoding" value="UnicodeLittle"/>
    <property name="sun.cpu.endian" value="little"/>
    <property name="java.vendor.version" value="18.9"/>
    <property name="sun.stdout.encoding" value="ms936"/>
    <property name="sun.desktop" value="windows"/>
    <property name="sun.cpu.isalist" value="amd64"/>
  </properties>
  <testcase classname="hou.kot.iot.DeviceTest" name="testListActiveDevicesAfterOneShutsDown" time="3.028">
    <failure message="expected:&lt;[de2vice2]&gt; but was:&lt;[device2]&gt;" type="java.lang.AssertionError">java.lang.AssertionError: expected:&lt;[de2vice2]&gt; but was:&lt;[device2]&gt;
	at org.junit.Assert.fail(Assert.java:88)
	at org.junit.Assert.failNotEquals(Assert.java:834)
	at org.junit.Assert.assertEquals(Assert.java:118)
	at org.junit.Assert.assertEquals(Assert.java:144)
	at hou.kot.iot.DeviceTest.lambda$testListActiveDevicesAfterOneShutsDown$0(DeviceTest.java:126)
	at akka.actor.testkit.typed.internal.TestProbeImpl.$anonfun$awaitAssert$1(TestProbeImpl.scala:343)
	at akka.actor.testkit.typed.internal.TestProbeImpl.poll$1(TestProbeImpl.scala:361)
	at akka.actor.testkit.typed.internal.TestProbeImpl.awaitAssert_internal(TestProbeImpl.scala:378)
	at akka.actor.testkit.typed.internal.TestProbeImpl.awaitAssert(TestProbeImpl.scala:343)
	at akka.actor.testkit.typed.internal.TestProbeImpl.awaitAssert(TestProbeImpl.scala:346)
	at akka.actor.testkit.typed.internal.TestProbeImpl.awaitAssert(TestProbeImpl.scala:349)
	at hou.kot.iot.DeviceTest.testListActiveDevicesAfterOneShutsDown(DeviceTest.java:121)
	at java.base/jdk.internal.reflect.NativeMethodAccessorImpl.invoke0(Native Method)
	at java.base/jdk.internal.reflect.NativeMethodAccessorImpl.invoke(NativeMethodAccessorImpl.java:62)
	at java.base/jdk.internal.reflect.DelegatingMethodAccessorImpl.invoke(DelegatingMethodAccessorImpl.java:43)
	at java.base/java.lang.reflect.Method.invoke(Method.java:566)
	at org.junit.runners.model.FrameworkMethod$1.runReflectiveCall(FrameworkMethod.java:50)
	at org.junit.internal.runners.model.ReflectiveCallable.run(ReflectiveCallable.java:12)
	at org.junit.runners.model.FrameworkMethod.invokeExplosively(FrameworkMethod.java:47)
	at org.junit.internal.runners.statements.InvokeMethod.evaluate(InvokeMethod.java:17)
	at org.junit.runners.ParentRunner.runLeaf(ParentRunner.java:325)
	at org.junit.runners.BlockJUnit4ClassRunner.runChild(BlockJUnit4ClassRunner.java:78)
	at org.junit.runners.BlockJUnit4ClassRunner.runChild(BlockJUnit4ClassRunner.java:57)
	at org.junit.runners.ParentRunner$3.run(ParentRunner.java:290)
	at org.junit.runners.ParentRunner$1.schedule(ParentRunner.java:71)
	at org.junit.runners.ParentRunner.runChildren(ParentRunner.java:288)
	at org.junit.runners.ParentRunner.access$000(ParentRunner.java:58)
	at org.junit.runners.ParentRunner$2.evaluate(ParentRunner.java:268)
	at org.junit.rules.ExternalResource$1.evaluate(ExternalResource.java:48)
	at org.junit.rules.RunRules.evaluate(RunRules.java:20)
	at org.junit.runners.ParentRunner.run(ParentRunner.java:363)
	at org.apache.maven.surefire.junit4.JUnit4Provider.execute(JUnit4Provider.java:252)
	at org.apache.maven.surefire.junit4.JUnit4Provider.executeTestSet(JUnit4Provider.java:141)
	at org.apache.maven.surefire.junit4.JUnit4Provider.invoke(JUnit4Provider.java:112)
	at java.base/jdk.internal.reflect.NativeMethodAccessorImpl.invoke0(Native Method)
	at java.base/jdk.internal.reflect.NativeMethodAccessorImpl.invoke(NativeMethodAccessorImpl.java:62)
	at java.base/jdk.internal.reflect.DelegatingMethodAccessorImpl.invoke(DelegatingMethodAccessorImpl.java:43)
	at java.base/java.lang.reflect.Method.invoke(Method.java:566)
	at org.apache.maven.surefire.util.ReflectionUtils.invokeMethodWithArray(ReflectionUtils.java:189)
	at org.apache.maven.surefire.booter.ProviderFactory$ProviderProxy.invoke(ProviderFactory.java:165)
	at org.apache.maven.surefire.booter.ProviderFactory.invokeProvider(ProviderFactory.java:85)
	at org.apache.maven.surefire.booter.ForkedBooter.runSuitesInProcess(ForkedBooter.java:115)
	at org.apache.maven.surefire.booter.ForkedBooter.main(ForkedBooter.java:75)
</failure>
    <system-out>[2019-11-21 11:55:06,866] [INFO] [akka.event.slf4j.Slf4jLogger] [DeviceTest-akka.actor.default-dispatcher-3] [] - Slf4jLogger started
[2019-11-21 11:55:06,903] [INFO] [hou.kot.iot.DeviceGroup] [DeviceTest-akka.actor.default-dispatcher-7] [akka://DeviceTest/user/$a] - DeviceGroup group started
[2019-11-21 11:55:06,909] [INFO] [hou.kot.iot.DeviceGroup] [DeviceTest-akka.actor.default-dispatcher-7] [akka://DeviceTest/user/$a] - Creating device actor for device1
[2019-11-21 11:55:06,912] [INFO] [hou.kot.iot.Device] [DeviceTest-akka.actor.default-dispatcher-3] [akka://DeviceTest/user/$a/device-device1] - Device actor group-device1 started
[2019-11-21 11:55:06,917] [INFO] [hou.kot.iot.DeviceGroup] [DeviceTest-akka.actor.default-dispatcher-7] [akka://DeviceTest/user/$a] - Creating device actor for device2
[2019-11-21 11:55:06,918] [INFO] [hou.kot.iot.Device] [DeviceTest-akka.actor.default-dispatcher-3] [akka://DeviceTest/user/$a/device-device2] - Device actor group-device2 started
[2019-11-21 11:55:06,935] [INFO] [hou.kot.iot.Device] [DeviceTest-akka.actor.default-dispatcher-3] [akka://DeviceTest/user/$a/device-device1] - Device actor group-device1 stopped
[2019-11-21 11:55:06,936] [INFO] [hou.kot.iot.DeviceGroup] [DeviceTest-akka.actor.default-dispatcher-8] [akka://DeviceTest/user/$a] - Device actor for device1 has been terminated
Bull Shit
</system-out>
  </testcase>
  <testcase classname="hou.kot.iot.DeviceTest" name="testReplyToRegistrationRequests" time="0.014"/>
  <testcase classname="hou.kot.iot.DeviceTest" name="testListActiveDevices" time="0.007"/>
  <testcase classname="hou.kot.iot.DeviceTest" name="testReplyWithLatestTemperatureReading" time="0.006"/>
  <testcase classname="hou.kot.iot.DeviceTest" name="testIgnoreWrongRegistrationRequests" time="0.104"/>
</testsuite>